C51 COMPILER V9.54   MATIRXLED                                                             02/10/2023 18:48:50 PAGE 1   


C51 COMPILER V9.54, COMPILATION OF MODULE MATIRXLED
OBJECT MODULE PLACED IN .\Objects\MatirxLED.obj
COMPILER INVOKED BY: E:\Keil C51\C51\BIN\C51.EXE MatirxLED.c OPTIMIZE(8,SPEED) BROWSE DEBUG OBJECTEXTEND PRINT(.\Listing
                    -s\MatirxLED.lst) TABS(2) OBJECT(.\Objects\MatirxLED.obj)

line level    source

   1          #include <REGX52.H>
   2          #define MATRIX_LED_PORT P0
   3          
   4          int i;
   5          sbit SER = 0xB4;
   6          sbit SERCLK = 0xB6;
   7          sbit RCK = 0xB5;
   8          
   9          void _74HC595_Init() {
  10   1        //There must be these codes to initialization
  11   1        SER = 0;
  12   1        RCK = 0;
  13   1      }
  14          
  15          /**
  16           ** @brief Send data to 74HC595
  17           ** @param When state is 0, it will enable LED 8 * 8 dot matrix to display serial data.If LED is enlightin
             -g, this byte is 0
  18           ** @reval 
  19           **/
  20          void _74HC595_Send(unsigned char byte, unsigned int state) {
  21   1        for (i = 0; i < 8; i++) {
  22   2          SER = byte & (0x80 >> i);
  23   2          if ((~state) & 0x01) {
  24   3      
  25   3            if (i == 0) {
  26   4              P2_7 = SER;
  27   4            }
  28   3            if (i == 1) {
  29   4              P2_6 = SER;
  30   4            }
  31   3            if (i == 2) {
  32   4              P2_5 = SER;
  33   4            }
  34   3            if (i == 3) {
  35   4              P2_4 = SER;
  36   4            }
  37   3            if (i == 4) {
  38   4              P2_3 = SER;
  39   4            }
  40   3            if (i == 5) {
  41   4              P2_2 = SER;
  42   4            }
  43   3            if (i == 6) {
  44   4              P2_1 = SER;
  45   4            }
  46   3            if (i == 7) {
  47   4              P2_0 = SER;
  48   4            }
  49   3          }
  50   2          SERCLK = 1;
  51   2          SERCLK = 0;
  52   2        }
  53   1        RCK = 1;
C51 COMPILER V9.54   MATIRXLED                                                             02/10/2023 18:48:50 PAGE 2   

  54   1        RCK = 0;
  55   1      }
  56          
  57          /**
  58           ** @brief Matrix LED show the data that is specified its column
  59           ** @param Column:{0,7}
  60           ** @reval
  61           **/
  62          void MatrixLED(unsigned int column, Data) {
  63   1        _74HC595_Send(Data, 1);    //No reference value when multiple columns are displayed
  64   1        MATRIX_LED_PORT = ~(0x80 >> column);    //1000 0000
  65   1      }


MODULE INFORMATION:   STATIC OVERLAYABLE
   CODE SIZE        =    197    ----
   CONSTANT SIZE    =   ----    ----
   XDATA SIZE       =   ----    ----
   PDATA SIZE       =   ----    ----
   DATA SIZE        =      2    ----
   IDATA SIZE       =   ----    ----
   BIT SIZE         =   ----    ----
END OF MODULE INFORMATION.


C51 COMPILATION COMPLETE.  0 WARNING(S),  0 ERROR(S)
