C51 COMPILER V9.54   MIAN                                                                  02/10/2023 19:02:12 PAGE 1   


C51 COMPILER V9.54, COMPILATION OF MODULE MIAN
OBJECT MODULE PLACED IN .\Objects\mian.obj
COMPILER INVOKED BY: E:\Keil C51\C51\BIN\C51.EXE mian.c OPTIMIZE(8,SPEED) BROWSE DEBUG OBJECTEXTEND PRINT(.\Listings\mia
                    -n.lst) TABS(2) OBJECT(.\Objects\mian.obj)

line level    source

   1          #include <REGX52.H>
   2          #include "MatrixLED.h"
   3          
   4          int offset,col;
   5          unsigned char Animation[] = {0x40, 0xD8, 0xFD, 0x0E, 0x1D, 0x1E, 0x1C, 0x38};
   6          
   7          void main() {
   8   1        _74HC595_Init();
   9   1        while (1) {
  10   2          for (offset = 0; offset <= sizeof(Animation) - 8; offset++) {
  11   3            for (col = 0; col < 8; col++) {
  12   4              MatrixLED(col, Animation[col+offset]);
  13   4            }
  14   3          }
  15   2        }
  16   1      }


MODULE INFORMATION:   STATIC OVERLAYABLE
   CODE SIZE        =     71    ----
   CONSTANT SIZE    =   ----    ----
   XDATA SIZE       =   ----    ----
   PDATA SIZE       =   ----    ----
   DATA SIZE        =     12    ----
   IDATA SIZE       =   ----    ----
   BIT SIZE         =   ----    ----
END OF MODULE INFORMATION.


C51 COMPILATION COMPLETE.  0 WARNING(S),  0 ERROR(S)
